build/outputs/logs/manifest-merger-release-report.txt
-- Merging decision tree log ---
manifest
ADDED from FutureInst\AndroidManifest.xml:2:1-368:12
	package
		ADDED from FutureInst\AndroidManifest.xml:3:5-29
	android:versionName
		ADDED from FutureInst\AndroidManifest.xml:5:5-32
	android:versionCode
		ADDED from FutureInst\AndroidManifest.xml:4:5-29
		INJECTED from FutureInst\AndroidManifest.xml
		INJECTED from FutureInst\AndroidManifest.xml
	xmlns:android
		ADDED from FutureInst\AndroidManifest.xml:2:11-69
uses-sdk
ADDED from FutureInst\AndroidManifest.xml:7:5-9:41
MERGED from [com.android.support:support-v4:23.0.1] AndroidManifest.xml:20:5-43
	android:targetSdkVersion
		ADDED from FutureInst\AndroidManifest.xml:9:9-38
	android:minSdkVersion
		ADDED from FutureInst\AndroidManifest.xml:8:9-35
supports-screens
ADDED from FutureInst\AndroidManifest.xml:11:5-15:39
	android:largeScreens
		ADDED from FutureInst\AndroidManifest.xml:13:9-36
	android:smallScreens
		ADDED from FutureInst\AndroidManifest.xml:15:9-36
	android:normalScreens
		ADDED from FutureInst\AndroidManifest.xml:14:9-37
	android:anyDensity
		ADDED from FutureInst\AndroidManifest.xml:12:9-34
uses-permission#android.permission.SYSTEM_ALERT_WINDOW
ADDED from FutureInst\AndroidManifest.xml:17:5-78
	android:name
		ADDED from FutureInst\AndroidManifest.xml:17:22-75
uses-permission#com.sonyericsson.home.permission.BROADCAST_BADGE
ADDED from FutureInst\AndroidManifest.xml:18:5-88
	android:name
		ADDED from FutureInst\AndroidManifest.xml:18:22-85
uses-permission#android.permission.INTERNET
ADDED from FutureInst\AndroidManifest.xml:19:5-67
MERGED from [FutureInst:BDIntegrationSDK_Lib:unspecified] AndroidManifest.xml:7:5-67
	android:name
		ADDED from FutureInst\AndroidManifest.xml:19:22-64
uses-permission#android.permission.READ_PHONE_STATE
ADDED from FutureInst\AndroidManifest.xml:20:5-75
MERGED from [FutureInst:BDIntegrationSDK_Lib:unspecified] AndroidManifest.xml:10:5-75
	android:name
		ADDED from FutureInst\AndroidManifest.xml:20:22-72
uses-permission#android.permission.ACCESS_NETWORK_STATE
ADDED from FutureInst\AndroidManifest.xml:21:5-79
MERGED from [FutureInst:BDIntegrationSDK_Lib:unspecified] AndroidManifest.xml:8:5-79
	android:name
		ADDED from FutureInst\AndroidManifest.xml:21:22-76
uses-permission#android.permission.CHANGE_WIFI_STATE
ADDED from FutureInst\AndroidManifest.xml:22:5-76
MERGED from [FutureInst:BDIntegrationSDK_Lib:unspecified] AndroidManifest.xml:15:5-76
	android:name
		ADDED from FutureInst\AndroidManifest.xml:22:22-73
uses-permission#android.permission.WAKE_LOCK
ADDED from FutureInst\AndroidManifest.xml:23:5-68
	android:name
		ADDED from FutureInst\AndroidManifest.xml:23:22-65
uses-permission#android.permission.RECEIVE_BOOT_COMPLETED
ADDED from FutureInst\AndroidManifest.xml:24:5-81
	android:name
		ADDED from FutureInst\AndroidManifest.xml:24:22-78
uses-permission#android.permission.WRITE_EXTERNAL_STORAGE
ADDED from FutureInst\AndroidManifest.xml:25:5-81
MERGED from [FutureInst:BDIntegrationSDK_Lib:unspecified] AndroidManifest.xml:12:5-81
	android:name
		ADDED from FutureInst\AndroidManifest.xml:25:22-78
uses-permission#android.permission.VIBRATE
ADDED from FutureInst\AndroidManifest.xml:26:5-66
	android:name
		ADDED from FutureInst\AndroidManifest.xml:26:22-63
uses-permission#android.permission.ACCESS_WIFI_STATE
ADDED from FutureInst\AndroidManifest.xml:27:5-76
MERGED from [FutureInst:BDIntegrationSDK_Lib:unspecified] AndroidManifest.xml:9:5-76
	android:name
		ADDED from FutureInst\AndroidManifest.xml:27:22-73
uses-permission#getui.permission.GetuiService.com.futureinst
ADDED from FutureInst\AndroidManifest.xml:28:5-84
	android:name
		ADDED from FutureInst\AndroidManifest.xml:28:22-81
uses-permission#android.permission.GET_TASKS
ADDED from FutureInst\AndroidManifest.xml:29:5-68
MERGED from [FutureInst:BDIntegrationSDK_Lib:unspecified] AndroidManifest.xml:14:5-68
	android:name
		ADDED from FutureInst\AndroidManifest.xml:29:22-65
uses-permission#android.permission.CAMERA
ADDED from FutureInst\AndroidManifest.xml:30:5-65
	android:name
		ADDED from FutureInst\AndroidManifest.xml:30:22-62
permission#getui.permission.GetuiService.com.futureinst
ADDED from FutureInst\AndroidManifest.xml:32:5-35:18
	android:protectionLevel
		ADDED from FutureInst\AndroidManifest.xml:34:9-41
	android:name
		ADDED from FutureInst\AndroidManifest.xml:33:9-68
uses-permission#android.permission.READ_EXTERNAL_STORAGE
ADDED from FutureInst\AndroidManifest.xml:37:5-80
	android:name
		ADDED from FutureInst\AndroidManifest.xml:37:22-77
application
ADDED from FutureInst\AndroidManifest.xml:39:5-366:19
MERGED from [com.android.support:support-v4:23.0.1] AndroidManifest.xml:22:5-20
MERGED from [FutureInst:BDIntegrationSDK_Lib:unspecified] AndroidManifest.xml:17:5-69:19
	android:label
		ADDED from FutureInst\AndroidManifest.xml:43:9-45
	android:allowBackup
		ADDED from FutureInst\AndroidManifest.xml:41:9-35
	android:icon
		ADDED from FutureInst\AndroidManifest.xml:42:9-38
	android:theme
		ADDED from FutureInst\AndroidManifest.xml:44:9-77
	android:name
		ADDED from FutureInst\AndroidManifest.xml:40:9-47
activity#com.futureinst.index.IndexActivity
ADDED from FutureInst\AndroidManifest.xml:47:9-56:20
	android:screenOrientation
		ADDED from FutureInst\AndroidManifest.xml:50:13-49
	android:label
		ADDED from FutureInst\AndroidManifest.xml:49:13-49
	android:name
		ADDED from FutureInst\AndroidManifest.xml:48:13-48
intent-filter#android.intent.action.MAIN+android.intent.category.LAUNCHER
ADDED from FutureInst\AndroidManifest.xml:51:13-55:29
action#android.intent.action.MAIN
ADDED from FutureInst\AndroidManifest.xml:52:17-69
	android:name
		ADDED from FutureInst\AndroidManifest.xml:52:25-66
category#android.intent.category.LAUNCHER
ADDED from FutureInst\AndroidManifest.xml:54:17-77
	android:name
		ADDED from FutureInst\AndroidManifest.xml:54:27-74
activity#com.futureinst.home.HomeActivity
ADDED from FutureInst\AndroidManifest.xml:57:9-59:52
	android:screenOrientation
		ADDED from FutureInst\AndroidManifest.xml:59:13-49
	android:name
		ADDED from FutureInst\AndroidManifest.xml:58:13-46
activity#com.futureinst.login.LoginActivity
ADDED from FutureInst\AndroidManifest.xml:60:9-62:52
	android:screenOrientation
		ADDED from FutureInst\AndroidManifest.xml:62:13-49
	android:name
		ADDED from FutureInst\AndroidManifest.xml:61:13-48
activity#com.futureinst.login.RegistActiivty_1
ADDED from FutureInst\AndroidManifest.xml:63:9-65:52
	android:screenOrientation
		ADDED from FutureInst\AndroidManifest.xml:65:13-49
	android:name
		ADDED from FutureInst\AndroidManifest.xml:64:13-51
activity#com.futureinst.login.RegistActivity_2
ADDED from FutureInst\AndroidManifest.xml:66:9-68:52
	android:screenOrientation
		ADDED from FutureInst\AndroidManifest.xml:68:13-49
	android:name
		ADDED from FutureInst\AndroidManifest.xml:67:13-51
activity#com.futureinst.login.RegistActivity_3
ADDED from FutureInst\AndroidManifest.xml:69:9-71:52
	android:screenOrientation
		ADDED from FutureInst\AndroidManifest.xml:71:13-49
	android:name
		ADDED from FutureInst\AndroidManifest.xml:70:13-51
activity#com.futureinst.login.ForgetPasswordActivity
ADDED from FutureInst\AndroidManifest.xml:72:9-74:52
	android:screenOrientation
		ADDED from FutureInst\AndroidManifest.xml:74:13-49
	android:name
		ADDED from FutureInst\AndroidManifest.xml:73:13-57
activity#com.futureinst.home.title.PrimaryTitleActivity
ADDED from FutureInst\AndroidManifest.xml:75:9-77:52
	android:screenOrientation
		ADDED from FutureInst\AndroidManifest.xml:77:13-49
	android:name
		ADDED from FutureInst\AndroidManifest.xml:76:13-60
activity#com.futureinst.home.title.SecondTitleActivity
ADDED from FutureInst\AndroidManifest.xml:78:9-80:52
	android:screenOrientation
		ADDED from FutureInst\AndroidManifest.xml:80:13-49
	android:name
		ADDED from FutureInst\AndroidManifest.xml:79:13-59
activity#com.futureinst.home.groupevent.GroupEventActivity
ADDED from FutureInst\AndroidManifest.xml:81:9-83:52
	android:screenOrientation
		ADDED from FutureInst\AndroidManifest.xml:83:13-49
	android:name
		ADDED from FutureInst\AndroidManifest.xml:82:13-63
activity#com.futureinst.home.eventdetail.EventDetailActivity
ADDED from FutureInst\AndroidManifest.xml:84:9-87:58
	android:screenOrientation
		ADDED from FutureInst\AndroidManifest.xml:86:13-49
	android:windowSoftInputMode
		ADDED from FutureInst\AndroidManifest.xml:87:13-55
	android:name
		ADDED from FutureInst\AndroidManifest.xml:85:13-65
activity#com.futureinst.home.eventdetail.MyHoldActivity
ADDED from FutureInst\AndroidManifest.xml:88:9-90:52
	android:screenOrientation
		ADDED from FutureInst\AndroidManifest.xml:90:13-49
	android:name
		ADDED from FutureInst\AndroidManifest.xml:89:13-60
activity#com.futureinst.home.userinfo.FAQActivity
ADDED from FutureInst\AndroidManifest.xml:91:9-93:52
	android:screenOrientation
		ADDED from FutureInst\AndroidManifest.xml:93:13-49
	android:name
		ADDED from FutureInst\AndroidManifest.xml:92:13-54
activity#com.futureinst.home.userinfo.FAQDetailActivity
ADDED from FutureInst\AndroidManifest.xml:94:9-96:52
	android:screenOrientation
		ADDED from FutureInst\AndroidManifest.xml:96:13-49
	android:name
		ADDED from FutureInst\AndroidManifest.xml:95:13-60
activity#com.futureinst.home.userinfo.UserCheckActivity
ADDED from FutureInst\AndroidManifest.xml:97:9-99:52
	android:screenOrientation
		ADDED from FutureInst\AndroidManifest.xml:99:13-49
	android:name
		ADDED from FutureInst\AndroidManifest.xml:98:13-60
activity#com.futureinst.home.userinfo.AboutUsActivity
ADDED from FutureInst\AndroidManifest.xml:100:9-102:52
	android:screenOrientation
		ADDED from FutureInst\AndroidManifest.xml:102:13-49
	android:name
		ADDED from FutureInst\AndroidManifest.xml:101:13-58
activity#com.futureinst.home.userinfo.PushMessageActivity
ADDED from FutureInst\AndroidManifest.xml:103:9-106:52
	android:screenOrientation
		ADDED from FutureInst\AndroidManifest.xml:106:13-49
	android:launchMode
		ADDED from FutureInst\AndroidManifest.xml:105:13-43
	android:name
		ADDED from FutureInst\AndroidManifest.xml:104:13-62
activity#com.futureinst.home.eventdetail.RefrenceNewsActivity
ADDED from FutureInst\AndroidManifest.xml:107:9-109:52
	android:screenOrientation
		ADDED from FutureInst\AndroidManifest.xml:109:13-49
	android:name
		ADDED from FutureInst\AndroidManifest.xml:108:13-66
activity#com.futureinst.home.userinfo.MyAseetActivity
ADDED from FutureInst\AndroidManifest.xml:110:9-112:52
	android:screenOrientation
		ADDED from FutureInst\AndroidManifest.xml:112:13-49
	android:name
		ADDED from FutureInst\AndroidManifest.xml:111:13-58
activity#com.futureinst.home.eventdetail.EventBuyActivity
ADDED from FutureInst\AndroidManifest.xml:113:9-115:52
	android:screenOrientation
		ADDED from FutureInst\AndroidManifest.xml:115:13-49
	android:name
		ADDED from FutureInst\AndroidManifest.xml:114:13-62
activity#com.futureinst.comment.CommentActivity
ADDED from FutureInst\AndroidManifest.xml:116:9-119:58
	android:screenOrientation
		ADDED from FutureInst\AndroidManifest.xml:118:13-49
	android:windowSoftInputMode
		ADDED from FutureInst\AndroidManifest.xml:119:13-55
	android:name
		ADDED from FutureInst\AndroidManifest.xml:117:13-52
activity#com.futureinst.home.attention.MyAttentionActivity
ADDED from FutureInst\AndroidManifest.xml:120:9-122:52
	android:screenOrientation
		ADDED from FutureInst\AndroidManifest.xml:122:13-49
	android:name
		ADDED from FutureInst\AndroidManifest.xml:121:13-63
activity#com.futureinst.comment.AddCommentActivity
ADDED from FutureInst\AndroidManifest.xml:123:9-126:58
	android:screenOrientation
		ADDED from FutureInst\AndroidManifest.xml:125:13-49
	android:windowSoftInputMode
		ADDED from FutureInst\AndroidManifest.xml:126:13-55
	android:name
		ADDED from FutureInst\AndroidManifest.xml:124:13-55
activity#com.futureinst.home.userinfo.FeedBackActivity
ADDED from FutureInst\AndroidManifest.xml:127:9-129:52
	android:screenOrientation
		ADDED from FutureInst\AndroidManifest.xml:129:13-49
	android:name
		ADDED from FutureInst\AndroidManifest.xml:128:13-59
activity#com.futureinst.home.userinfo.PrivacyActivity
ADDED from FutureInst\AndroidManifest.xml:130:9-132:52
	android:screenOrientation
		ADDED from FutureInst\AndroidManifest.xml:132:13-49
	android:name
		ADDED from FutureInst\AndroidManifest.xml:131:13-58
activity#com.futureinst.home.userinfo.ShoopActivity
ADDED from FutureInst\AndroidManifest.xml:133:9-135:52
	android:screenOrientation
		ADDED from FutureInst\AndroidManifest.xml:135:13-49
	android:name
		ADDED from FutureInst\AndroidManifest.xml:134:13-56
activity#com.futureinst.push.PushWebActivity
ADDED from FutureInst\AndroidManifest.xml:136:9-138:52
	android:screenOrientation
		ADDED from FutureInst\AndroidManifest.xml:138:13-49
	android:name
		ADDED from FutureInst\AndroidManifest.xml:137:13-49
activity#com.futureinst.home.forecast.ForecastGroupActivity
ADDED from FutureInst\AndroidManifest.xml:139:9-141:52
	android:screenOrientation
		ADDED from FutureInst\AndroidManifest.xml:141:13-49
	android:name
		ADDED from FutureInst\AndroidManifest.xml:140:13-64
activity#com.futureinst.personalinfo.other.PersonalShowActivity
ADDED from FutureInst\AndroidManifest.xml:142:9-144:52
	android:screenOrientation
		ADDED from FutureInst\AndroidManifest.xml:144:13-49
	android:name
		ADDED from FutureInst\AndroidManifest.xml:143:13-68
activity#com.futureinst.personalinfo.other.PersonalForecastActivity
ADDED from FutureInst\AndroidManifest.xml:145:9-147:52
	android:screenOrientation
		ADDED from FutureInst\AndroidManifest.xml:147:13-49
	android:name
		ADDED from FutureInst\AndroidManifest.xml:146:13-72
activity#com.futureinst.personalinfo.other.PersonalRecordActivity
ADDED from FutureInst\AndroidManifest.xml:148:9-150:52
	android:screenOrientation
		ADDED from FutureInst\AndroidManifest.xml:150:13-49
	android:name
		ADDED from FutureInst\AndroidManifest.xml:149:13-70
activity#com.futureinst.personalinfo.other.PersonalCommentActivity
ADDED from FutureInst\AndroidManifest.xml:151:9-153:52
	android:screenOrientation
		ADDED from FutureInst\AndroidManifest.xml:153:13-49
	android:name
		ADDED from FutureInst\AndroidManifest.xml:152:13-71
activity#com.futureinst.personalinfo.other.PersonalAttentionActivity
ADDED from FutureInst\AndroidManifest.xml:154:9-156:52
	android:screenOrientation
		ADDED from FutureInst\AndroidManifest.xml:156:13-49
	android:name
		ADDED from FutureInst\AndroidManifest.xml:155:13-73
activity#com.futureinst.personalinfo.other.PersonalAttendActivity
ADDED from FutureInst\AndroidManifest.xml:157:9-159:52
	android:screenOrientation
		ADDED from FutureInst\AndroidManifest.xml:159:13-49
	android:name
		ADDED from FutureInst\AndroidManifest.xml:158:13-70
activity#com.futureinst.home.userinfo.SecrtActivity
ADDED from FutureInst\AndroidManifest.xml:160:9-162:52
	android:screenOrientation
		ADDED from FutureInst\AndroidManifest.xml:162:13-49
	android:name
		ADDED from FutureInst\AndroidManifest.xml:161:13-56
activity#com.futureinst.home.userinfo.SetActivity
ADDED from FutureInst\AndroidManifest.xml:163:9-165:52
	android:screenOrientation
		ADDED from FutureInst\AndroidManifest.xml:165:13-49
	android:name
		ADDED from FutureInst\AndroidManifest.xml:164:13-54
activity#com.futureinst.personalinfo.other.PersonalTagRecordActivity
ADDED from FutureInst\AndroidManifest.xml:166:9-168:52
	android:screenOrientation
		ADDED from FutureInst\AndroidManifest.xml:168:13-49
	android:name
		ADDED from FutureInst\AndroidManifest.xml:167:13-73
activity#com.futureinst.home.hold.HoldingActivity
ADDED from FutureInst\AndroidManifest.xml:169:9-171:52
	android:screenOrientation
		ADDED from FutureInst\AndroidManifest.xml:171:13-49
	android:name
		ADDED from FutureInst\AndroidManifest.xml:170:13-54
activity#com.soundcloud.android.crop.CropImageActivity
ADDED from FutureInst\AndroidManifest.xml:172:9-174:52
	android:screenOrientation
		ADDED from FutureInst\AndroidManifest.xml:174:13-49
	android:name
		ADDED from FutureInst\AndroidManifest.xml:173:13-73
activity#com.futureinst.home.userinfo.ModifyPersoanlInfoActivity
ADDED from FutureInst\AndroidManifest.xml:175:9-178:58
	android:screenOrientation
		ADDED from FutureInst\AndroidManifest.xml:177:13-49
	android:windowSoftInputMode
		ADDED from FutureInst\AndroidManifest.xml:178:13-55
	android:name
		ADDED from FutureInst\AndroidManifest.xml:176:13-69
activity#com.futureinst.comment.CommentApplyActivity
ADDED from FutureInst\AndroidManifest.xml:179:9-182:58
	android:screenOrientation
		ADDED from FutureInst\AndroidManifest.xml:181:13-49
	android:windowSoftInputMode
		ADDED from FutureInst\AndroidManifest.xml:182:13-55
	android:name
		ADDED from FutureInst\AndroidManifest.xml:180:13-57
activity#com.futureinst.home.find.ArticleDetailActivity
ADDED from FutureInst\AndroidManifest.xml:183:9-186:58
	android:screenOrientation
		ADDED from FutureInst\AndroidManifest.xml:185:13-49
	android:windowSoftInputMode
		ADDED from FutureInst\AndroidManifest.xml:186:13-55
	android:name
		ADDED from FutureInst\AndroidManifest.xml:184:13-60
activity#com.futureinst.comment.CommentDetailSecondActivity
ADDED from FutureInst\AndroidManifest.xml:187:9-190:58
	android:screenOrientation
		ADDED from FutureInst\AndroidManifest.xml:189:13-49
	android:windowSoftInputMode
		ADDED from FutureInst\AndroidManifest.xml:190:13-55
	android:name
		ADDED from FutureInst\AndroidManifest.xml:188:13-64
activity#com.futureinst.home.article.AritlceActivity
ADDED from FutureInst\AndroidManifest.xml:191:9-194:62
	android:screenOrientation
		ADDED from FutureInst\AndroidManifest.xml:193:13-49
	android:label
		ADDED from FutureInst\AndroidManifest.xml:194:13-59
	android:name
		ADDED from FutureInst\AndroidManifest.xml:192:13-57
activity#com.futureinst.comment.AddPointActivity
ADDED from FutureInst\AndroidManifest.xml:195:9-198:61
	android:screenOrientation
		ADDED from FutureInst\AndroidManifest.xml:197:13-49
	android:label
		ADDED from FutureInst\AndroidManifest.xml:198:13-59
	android:name
		ADDED from FutureInst\AndroidManifest.xml:196:13-67
service#com.futureinst.service.UpdateService
ADDED from FutureInst\AndroidManifest.xml:200:9-58
	android:name
		ADDED from FutureInst\AndroidManifest.xml:200:18-55
receiver#com.futureinst.push.PushBroadCastReceiver
ADDED from FutureInst\AndroidManifest.xml:202:9-211:20
	android:exported
		ADDED from FutureInst\AndroidManifest.xml:204:13-37
	android:name
		ADDED from FutureInst\AndroidManifest.xml:203:13-55
intent-filter#com.igexin.sdk.action.zr7geZUP3o8ryY1XQCIpN9
ADDED from FutureInst\AndroidManifest.xml:205:13-210:29
action#com.igexin.sdk.action.zr7geZUP3o8ryY1XQCIpN9
ADDED from FutureInst\AndroidManifest.xml:209:17-87
	android:name
		ADDED from FutureInst\AndroidManifest.xml:209:25-84
meta-data#PUSH_APPID
ADDED from FutureInst\AndroidManifest.xml:215:9-217:54
	android:value
		ADDED from FutureInst\AndroidManifest.xml:217:13-51
	android:name
		ADDED from FutureInst\AndroidManifest.xml:216:13-38
meta-data#PUSH_APPKEY
ADDED from FutureInst\AndroidManifest.xml:220:9-222:54
	android:value
		ADDED from FutureInst\AndroidManifest.xml:222:13-51
	android:name
		ADDED from FutureInst\AndroidManifest.xml:221:13-39
meta-data#PUSH_APPSECRET
ADDED from FutureInst\AndroidManifest.xml:225:9-227:54
	android:value
		ADDED from FutureInst\AndroidManifest.xml:227:13-51
	android:name
		ADDED from FutureInst\AndroidManifest.xml:226:13-42
meta-data#PUSH_GROUPID
ADDED from FutureInst\AndroidManifest.xml:230:9-232:32
	android:value
		ADDED from FutureInst\AndroidManifest.xml:232:13-29
	android:name
		ADDED from FutureInst\AndroidManifest.xml:231:13-40
service#com.igexin.sdk.PushService
ADDED from FutureInst\AndroidManifest.xml:234:9-239:19
	android:process
		ADDED from FutureInst\AndroidManifest.xml:238:13-43
	android:label
		ADDED from FutureInst\AndroidManifest.xml:237:13-47
	android:exported
		ADDED from FutureInst\AndroidManifest.xml:236:13-36
	android:name
		ADDED from FutureInst\AndroidManifest.xml:235:13-54
receiver#com.igexin.sdk.PushReceiver
ADDED from FutureInst\AndroidManifest.xml:241:9-252:20
	android:name
		ADDED from FutureInst\AndroidManifest.xml:241:19-61
intent-filter#android.intent.action.ACTION_POWER_CONNECTED+android.intent.action.ACTION_POWER_DISCONNECTED+android.intent.action.BOOT_COMPLETED+android.intent.action.MEDIA_MOUNTED+android.intent.action.USER_PRESENT+android.net.conn.CONNECTIVITY_CHANGE+com.igexin.sdk.action.refreshls
ADDED from FutureInst\AndroidManifest.xml:242:13-251:29
action#android.intent.action.BOOT_COMPLETED
ADDED from FutureInst\AndroidManifest.xml:243:17-79
	android:name
		ADDED from FutureInst\AndroidManifest.xml:243:25-76
action#android.net.conn.CONNECTIVITY_CHANGE
ADDED from FutureInst\AndroidManifest.xml:244:17-79
	android:name
		ADDED from FutureInst\AndroidManifest.xml:244:25-76
action#android.intent.action.USER_PRESENT
ADDED from FutureInst\AndroidManifest.xml:245:17-77
	android:name
		ADDED from FutureInst\AndroidManifest.xml:245:25-74
action#com.igexin.sdk.action.refreshls
ADDED from FutureInst\AndroidManifest.xml:246:17-74
	android:name
		ADDED from FutureInst\AndroidManifest.xml:246:25-71
action#android.intent.action.MEDIA_MOUNTED
ADDED from FutureInst\AndroidManifest.xml:248:17-78
	android:name
		ADDED from FutureInst\AndroidManifest.xml:248:25-75
action#android.intent.action.ACTION_POWER_CONNECTED
ADDED from FutureInst\AndroidManifest.xml:249:17-87
	android:name
		ADDED from FutureInst\AndroidManifest.xml:249:25-84
action#android.intent.action.ACTION_POWER_DISCONNECTED
ADDED from FutureInst\AndroidManifest.xml:250:17-90
	android:name
		ADDED from FutureInst\AndroidManifest.xml:250:25-87
receiver#com.igexin.sdk.PushManagerReceiver
ADDED from FutureInst\AndroidManifest.xml:253:9-259:20
	android:exported
		ADDED from FutureInst\AndroidManifest.xml:255:13-37
	android:name
		ADDED from FutureInst\AndroidManifest.xml:254:13-62
intent-filter#com.igexin.sdk.action.pushmanager
ADDED from FutureInst\AndroidManifest.xml:256:13-258:29
action#com.igexin.sdk.action.pushmanager
ADDED from FutureInst\AndroidManifest.xml:257:17-76
	android:name
		ADDED from FutureInst\AndroidManifest.xml:257:25-73
activity#com.igexin.sdk.PushActivity
ADDED from FutureInst\AndroidManifest.xml:261:9-268:20
	android:process
		ADDED from FutureInst\AndroidManifest.xml:265:13-43
	android:excludeFromRecents
		ADDED from FutureInst\AndroidManifest.xml:263:13-46
	android:exported
		ADDED from FutureInst\AndroidManifest.xml:264:13-37
	android:theme
		ADDED from FutureInst\AndroidManifest.xml:267:13-72
	android:taskAffinity
		ADDED from FutureInst\AndroidManifest.xml:266:13-67
	android:name
		ADDED from FutureInst\AndroidManifest.xml:262:13-55
activity#com.igexin.getuiext.activity.GetuiExtActivity
ADDED from FutureInst\AndroidManifest.xml:270:9-277:75
	android:process
		ADDED from FutureInst\AndroidManifest.xml:275:13-43
	android:excludeFromRecents
		ADDED from FutureInst\AndroidManifest.xml:273:13-46
	android:exported
		ADDED from FutureInst\AndroidManifest.xml:274:13-37
	android:configChanges
		ADDED from FutureInst\AndroidManifest.xml:272:13-72
	android:theme
		ADDED from FutureInst\AndroidManifest.xml:277:13-72
	android:taskAffinity
		ADDED from FutureInst\AndroidManifest.xml:276:13-62
	android:name
		ADDED from FutureInst\AndroidManifest.xml:271:13-73
receiver#com.igexin.getuiext.service.PayloadReceiver
ADDED from FutureInst\AndroidManifest.xml:279:9-290:20
	android:exported
		ADDED from FutureInst\AndroidManifest.xml:281:13-37
	android:name
		ADDED from FutureInst\AndroidManifest.xml:280:13-71
intent-filter#com.igexin.sdk.action.7fjUl2Z3LH6xYy7NQK4ni4+com.igexin.sdk.action.zr7geZUP3o8ryY1XQCIpN9
ADDED from FutureInst\AndroidManifest.xml:282:13-289:29
action#com.igexin.sdk.action.7fjUl2Z3LH6xYy7NQK4ni4
ADDED from FutureInst\AndroidManifest.xml:285:17-87
	android:name
		ADDED from FutureInst\AndroidManifest.xml:285:25-84
service#com.igexin.getuiext.service.GetuiExtService
ADDED from FutureInst\AndroidManifest.xml:292:9-294:46
	android:process
		ADDED from FutureInst\AndroidManifest.xml:294:13-43
	android:name
		ADDED from FutureInst\AndroidManifest.xml:293:13-71
activity#com.mob.tools.MobUIShell
ADDED from FutureInst\AndroidManifest.xml:300:9-314:20
	android:screenOrientation
		ADDED from FutureInst\AndroidManifest.xml:303:13-49
	android:windowSoftInputMode
		ADDED from FutureInst\AndroidManifest.xml:305:13-67
	android:configChanges
		ADDED from FutureInst\AndroidManifest.xml:302:13-74
	android:theme
		ADDED from FutureInst\AndroidManifest.xml:304:13-72
	android:name
		ADDED from FutureInst\AndroidManifest.xml:301:13-52
intent-filter#android.intent.action.VIEW+android.intent.category.BROWSABLE+android.intent.category.DEFAULT
ADDED from FutureInst\AndroidManifest.xml:306:13-313:29
data
ADDED from FutureInst\AndroidManifest.xml:307:17-60
	android:scheme
		ADDED from FutureInst\AndroidManifest.xml:307:23-57
action#android.intent.action.VIEW
ADDED from FutureInst\AndroidManifest.xml:309:17-69
	android:name
		ADDED from FutureInst\AndroidManifest.xml:309:25-66
category#android.intent.category.BROWSABLE
ADDED from FutureInst\AndroidManifest.xml:311:17-78
	android:name
		ADDED from FutureInst\AndroidManifest.xml:311:27-75
category#android.intent.category.DEFAULT
ADDED from FutureInst\AndroidManifest.xml:312:17-76
	android:name
		ADDED from FutureInst\AndroidManifest.xml:312:27-73
activity#cn.sharesdk.framework.AuthorizeActivity
ADDED from FutureInst\AndroidManifest.xml:324:9-330:20
	android:screenOrientation
		ADDED from FutureInst\AndroidManifest.xml:327:13-49
	android:windowSoftInputMode
		ADDED from FutureInst\AndroidManifest.xml:329:13-67
	android:configChanges
		ADDED from FutureInst\AndroidManifest.xml:326:13-63
	android:theme
		ADDED from FutureInst\AndroidManifest.xml:328:13-72
	android:name
		ADDED from FutureInst\AndroidManifest.xml:325:13-67
activity#com.futureinst.wxapi.WXEntryActivity
ADDED from FutureInst\AndroidManifest.xml:332:9-337:75
	android:screenOrientation
		ADDED from FutureInst\AndroidManifest.xml:336:13-49
	android:exported
		ADDED from FutureInst\AndroidManifest.xml:335:13-36
	android:configChanges
		ADDED from FutureInst\AndroidManifest.xml:334:13-74
	android:theme
		ADDED from FutureInst\AndroidManifest.xml:337:13-72
	android:name
		ADDED from FutureInst\AndroidManifest.xml:333:13-50
activity#com.sina.weibo.sdk.component.WeiboSdkBrowser
ADDED from FutureInst\AndroidManifest.xml:339:9-344:20
	android:exported
		ADDED from FutureInst\AndroidManifest.xml:342:13-37
	android:windowSoftInputMode
		ADDED from FutureInst\AndroidManifest.xml:343:13-55
	android:configChanges
		ADDED from FutureInst\AndroidManifest.xml:341:13-63
	android:name
		ADDED from FutureInst\AndroidManifest.xml:340:13-72
activity#cn.sharesdk.sina.weibo.SinaActivity
ADDED from FutureInst\AndroidManifest.xml:347:9-355:20
	android:theme
		ADDED from FutureInst\AndroidManifest.xml:349:13-72
	android:name
		ADDED from FutureInst\AndroidManifest.xml:348:13-63
intent-filter#android.intent.category.DEFAULT+com.sina.weibo.sdk.action.ACTION_SDK_REQ_ACTIVITY
ADDED from FutureInst\AndroidManifest.xml:350:13-354:29
action#com.sina.weibo.sdk.action.ACTION_SDK_REQ_ACTIVITY
ADDED from FutureInst\AndroidManifest.xml:351:17-92
	android:name
		ADDED from FutureInst\AndroidManifest.xml:351:25-89
meta-data#UMENG_APPKEY
ADDED from FutureInst\AndroidManifest.xml:357:9-359:56
	android:value
		ADDED from FutureInst\AndroidManifest.xml:359:13-53
	android:name
		ADDED from FutureInst\AndroidManifest.xml:358:13-40
meta-data#UMENG_CHANNEL
ADDED from FutureInst\AndroidManifest.xml:361:9-363:39
	android:value
		ADDED from FutureInst\AndroidManifest.xml:363:13-36
	android:name
		ADDED from FutureInst\AndroidManifest.xml:362:13-41
uses-permission#android.permission.WRITE_SETTINGS
ADDED from [FutureInst:BDIntegrationSDK_Lib:unspecified] AndroidManifest.xml:11:5-73
	android:name
		ADDED from [FutureInst:BDIntegrationSDK_Lib:unspecified] AndroidManifest.xml:11:22-70
uses-permission#android.permission.ACCESS_FINE_LOCATION
ADDED from [FutureInst:BDIntegrationSDK_Lib:unspecified] AndroidManifest.xml:13:5-79
	android:name
		ADDED from [FutureInst:BDIntegrationSDK_Lib:unspecified] AndroidManifest.xml:13:22-76
meta-data#BDAPPID
ADDED from [FutureInst:BDIntegrationSDK_Lib:unspecified] AndroidManifest.xml:18:9-20:39
	android:value
		ADDED from [FutureInst:BDIntegrationSDK_Lib:unspecified] AndroidManifest.xml:20:13-36
	android:name
		ADDED from [FutureInst:BDIntegrationSDK_Lib:unspecified] AndroidManifest.xml:19:13-35
meta-data#BDAPPKEY
ADDED from [FutureInst:BDIntegrationSDK_Lib:unspecified] AndroidManifest.xml:21:9-23:56
	android:value
		ADDED from [FutureInst:BDIntegrationSDK_Lib:unspecified] AndroidManifest.xml:23:13-53
	android:name
		ADDED from [FutureInst:BDIntegrationSDK_Lib:unspecified] AndroidManifest.xml:22:13-36
meta-data#BaiduMobAd_EXCEPTION_LOG
ADDED from [FutureInst:BDIntegrationSDK_Lib:unspecified] AndroidManifest.xml:27:9-29:36
	android:value
		ADDED from [FutureInst:BDIntegrationSDK_Lib:unspecified] AndroidManifest.xml:29:13-33
	android:name
		ADDED from [FutureInst:BDIntegrationSDK_Lib:unspecified] AndroidManifest.xml:28:13-52
meta-data#BaiduMobAd_SEND_STRATEGY
ADDED from [FutureInst:BDIntegrationSDK_Lib:unspecified] AndroidManifest.xml:31:9-33:41
	android:value
		ADDED from [FutureInst:BDIntegrationSDK_Lib:unspecified] AndroidManifest.xml:33:13-38
	android:name
		ADDED from [FutureInst:BDIntegrationSDK_Lib:unspecified] AndroidManifest.xml:32:13-52
meta-data#BaiduMobAd_ONLY_WIFI
ADDED from [FutureInst:BDIntegrationSDK_Lib:unspecified] AndroidManifest.xml:37:9-39:37
	android:value
		ADDED from [FutureInst:BDIntegrationSDK_Lib:unspecified] AndroidManifest.xml:39:13-34
	android:name
		ADDED from [FutureInst:BDIntegrationSDK_Lib:unspecified] AndroidManifest.xml:38:13-48
meta-data#BaiduMobAd_CELL_LOCATION
ADDED from [FutureInst:BDIntegrationSDK_Lib:unspecified] AndroidManifest.xml:41:9-43:36
	android:value
		ADDED from [FutureInst:BDIntegrationSDK_Lib:unspecified] AndroidManifest.xml:43:13-33
	android:name